13:07:54.582 [main] INFO  org.testng.internal.Utils - [Utils] MethodGroupsHelper.collectMethodsByGroup() took 2 ms.
13:07:54.609 [main] INFO  org.testng.internal.Utils - [Utils] MethodGroupsHelper.sortMethods() took 4 ms.
13:07:54.613 [main] INFO  org.testng.internal.Utils - [Utils] MethodGroupsHelper.collectMethodsByGroup() took 0 ms.
13:07:54.614 [main] INFO  org.testng.internal.Utils - [Utils] MethodGroupsHelper.sortMethods() took 0 ms.
13:07:54.616 [main] INFO  org.testng.internal.Utils - [Utils] MethodGroupsHelper.collectMethodsByGroup() took 0 ms.
13:07:54.618 [main] INFO  org.testng.internal.Utils - [Utils] MethodGroupsHelper.sortMethods() took 0 ms.
13:07:54.621 [main] INFO  org.testng.internal.Utils - [Utils] MethodGroupsHelper.collectMethodsByGroup() took 0 ms.
13:07:54.622 [main] INFO  org.testng.internal.Utils - [Utils] MethodGroupsHelper.sortMethods() took 0 ms.
13:07:54.638 [main] INFO  org.testng.internal.Utils - [Utils] MethodGroupsHelper.collectMethodsByGroup() took 10 ms.
13:07:54.680 [main] INFO  org.testng.internal.Utils - [Utils] MethodGroupsHelper.sortMethods() took 42 ms.
13:07:54.688 [main] INFO  org.testng.internal.Utils - [Utils] MethodGroupsHelper.collectMethodsByGroup() took 0 ms.
13:07:54.691 [main] INFO  org.testng.internal.Utils - [Utils] MethodGroupsHelper.sortMethods() took 1 ms.
13:07:54.692 [main] INFO  org.testng.internal.Utils - [Utils] MethodGroupsHelper.collectMethodsByGroup() took 0 ms.
13:07:54.692 [main] INFO  org.testng.internal.Utils - [Utils] MethodGroupsHelper.sortMethods() took 0 ms.
13:07:54.693 [main] INFO  org.testng.internal.Utils - [Utils] MethodGroupsHelper.collectMethodsByGroup() took 0 ms.
13:07:54.694 [main] INFO  org.testng.internal.Utils - [Utils] MethodGroupsHelper.sortMethods() took 0 ms.
13:07:54.704 [main] INFO  org.testng.internal.Utils - [Utils] MethodGroupsHelper.collectMethodsByGroup() took 0 ms.
13:07:54.704 [main] INFO  org.testng.internal.Utils - [Utils] MethodGroupsHelper.sortMethods() took 0 ms.
13:07:54.706 [main] INFO  org.testng.internal.Utils - [Utils] MethodGroupsHelper.collectMethodsByGroup() took 0 ms.
13:07:54.706 [main] INFO  org.testng.internal.Utils - [Utils] MethodGroupsHelper.sortMethods() took 0 ms.
13:07:54.716 [main] INFO  org.testng.internal.Utils - [Utils] MethodGroupsHelper.collectMethodsByGroup() took 0 ms.
13:07:54.717 [main] INFO  org.testng.internal.Utils - [Utils] MethodGroupsHelper.sortMethods() took 0 ms.
13:07:54.718 [main] INFO  org.testng.internal.Utils - [Utils] MethodGroupsHelper.collectMethodsByGroup() took 0 ms.
13:07:54.718 [main] INFO  org.testng.internal.Utils - [Utils] MethodGroupsHelper.sortMethods() took 0 ms.
13:07:54.724 [main] INFO  org.testng.internal.Utils - [Utils] MethodGroupsHelper.collectMethodsByGroup() took 2 ms.
13:07:54.725 [main] INFO  org.testng.internal.Utils - [Utils] MethodGroupsHelper.sortMethods() took 1 ms.
13:07:54.731 [main] INFO  org.testng.internal.Utils - [Utils] MethodGroupsHelper.collectMethodsByGroup() took 0 ms.
13:07:54.733 [main] INFO  org.testng.internal.Utils - [Utils] MethodGroupsHelper.sortMethods() took 0 ms.
13:07:54.733 [main] INFO  org.testng.internal.Utils - [Utils] MethodGroupsHelper.collectMethodsByGroup() took 0 ms.
13:07:54.734 [main] INFO  org.testng.internal.Utils - [Utils] MethodGroupsHelper.sortMethods() took 0 ms.
13:07:54.785 [main] INFO  org.testng.internal.Utils - [TestNG] Running:
  C:\Users\neosa\AppData\Local\Temp\testng-eclipse-638813923\testng-customsuite.xml

13:07:54.872 [main] INFO  org.testng.internal.Utils - [Utils] DynamicGraphHelper.createDynamicGraph() took 29 ms.
13:08:11.034 [main] INFO  testCases.TC001_AccountRegistrationTest - ****Starting TC001_AccountRegistrationTest ****
13:08:11.824 [main] INFO  testCases.TC001_AccountRegistrationTest - Clicked on MyAccount Link
13:08:13.671 [main] INFO  testCases.TC001_AccountRegistrationTest - Clicked on Register Link
13:08:13.679 [main] INFO  testCases.TC001_AccountRegistrationTest - Providing Login Info
13:08:16.927 [main] INFO  testCases.TC001_AccountRegistrationTest - Validating expected message
13:08:18.214 [main] INFO  org.testng.internal.Utils - [TestNG] Time taken by org.testng.reporters.jq.Main@87b5b49: 247 ms
13:08:18.295 [main] INFO  org.testng.internal.Utils - [TestNG] Time taken by org.testng.reporters.FailedReporter@3bbf9027: 80 ms
13:08:18.334 [main] INFO  org.testng.internal.Utils - [TestNG] Time taken by org.testng.reporters.XMLReporter@f446158: 37 ms
13:08:18.366 [main] INFO  org.testng.internal.Utils - [TestNG] Time taken by org.testng.reporters.EmailableReporter2@7063686f: 31 ms
13:08:18.383 [main] INFO  org.testng.internal.Utils - [TestNG] Time taken by org.testng.reporters.JUnitReportReporter@71cb3139: 16 ms
13:08:18.384 [main] INFO  org.testng.internal.Utils - [TestNG] Time taken by org.testng.internal.ExitCodeListener@1639f93a: 1 ms
13:26:37.034 [main] DEBUG org.testng.TestNG - suiteXmlPath: "C:\Users\neosa\AppData\Local\Temp\testng-eclipse-472935120\testng-customsuite.xml"
13:26:37.746 [main] INFO  org.testng.internal.Utils - [Utils] MethodGroupsHelper.collectMethodsByGroup() took 1 ms.
13:26:37.753 [main] INFO  org.testng.internal.Utils - [Utils] MethodGroupsHelper.sortMethods() took 3 ms.
13:26:37.757 [main] INFO  org.testng.internal.Utils - [Utils] MethodGroupsHelper.collectMethodsByGroup() took 0 ms.
13:26:37.757 [main] INFO  org.testng.internal.Utils - [Utils] MethodGroupsHelper.sortMethods() took 0 ms.
13:26:37.760 [main] INFO  org.testng.internal.Utils - [Utils] MethodGroupsHelper.collectMethodsByGroup() took 0 ms.
13:26:37.760 [main] INFO  org.testng.internal.Utils - [Utils] MethodGroupsHelper.sortMethods() took 0 ms.
13:26:37.762 [main] INFO  org.testng.internal.Utils - [Utils] MethodGroupsHelper.collectMethodsByGroup() took 0 ms.
13:26:37.762 [main] INFO  org.testng.internal.Utils - [Utils] MethodGroupsHelper.sortMethods() took 0 ms.
13:26:37.773 [main] INFO  org.testng.internal.Utils - [Utils] MethodGroupsHelper.collectMethodsByGroup() took 6 ms.
13:26:37.806 [main] INFO  org.testng.internal.Utils - [Utils] MethodGroupsHelper.sortMethods() took 32 ms.
13:26:37.811 [main] INFO  org.testng.internal.Utils - [Utils] MethodGroupsHelper.collectMethodsByGroup() took 1 ms.
13:26:37.812 [main] INFO  org.testng.internal.Utils - [Utils] MethodGroupsHelper.sortMethods() took 0 ms.
13:26:37.814 [main] INFO  org.testng.internal.Utils - [Utils] MethodGroupsHelper.collectMethodsByGroup() took 0 ms.
13:26:37.815 [main] INFO  org.testng.internal.Utils - [Utils] MethodGroupsHelper.sortMethods() took 0 ms.
13:26:37.816 [main] INFO  org.testng.internal.Utils - [Utils] MethodGroupsHelper.collectMethodsByGroup() took 0 ms.
13:26:37.816 [main] INFO  org.testng.internal.Utils - [Utils] MethodGroupsHelper.sortMethods() took 0 ms.
13:26:37.820 [main] INFO  org.testng.internal.Utils - [Utils] MethodGroupsHelper.collectMethodsByGroup() took 0 ms.
13:26:37.820 [main] INFO  org.testng.internal.Utils - [Utils] MethodGroupsHelper.sortMethods() took 0 ms.
13:26:37.821 [main] INFO  org.testng.internal.Utils - [Utils] MethodGroupsHelper.collectMethodsByGroup() took 0 ms.
13:26:37.821 [main] INFO  org.testng.internal.Utils - [Utils] MethodGroupsHelper.sortMethods() took 0 ms.
13:26:37.829 [main] INFO  org.testng.internal.Utils - [Utils] MethodGroupsHelper.collectMethodsByGroup() took 0 ms.
13:26:37.830 [main] INFO  org.testng.internal.Utils - [Utils] MethodGroupsHelper.sortMethods() took 0 ms.
13:26:37.830 [main] INFO  org.testng.internal.Utils - [Utils] MethodGroupsHelper.collectMethodsByGroup() took 0 ms.
13:26:37.830 [main] INFO  org.testng.internal.Utils - [Utils] MethodGroupsHelper.sortMethods() took 0 ms.
13:26:37.833 [main] INFO  org.testng.internal.Utils - [Utils] MethodGroupsHelper.collectMethodsByGroup() took 1 ms.
13:26:37.834 [main] INFO  org.testng.internal.Utils - [Utils] MethodGroupsHelper.sortMethods() took 0 ms.
13:26:37.845 [main] INFO  org.testng.internal.Utils - [Utils] MethodGroupsHelper.collectMethodsByGroup() took 0 ms.
13:26:37.845 [main] INFO  org.testng.internal.Utils - [Utils] MethodGroupsHelper.sortMethods() took 0 ms.
13:26:37.845 [main] INFO  org.testng.internal.Utils - [Utils] MethodGroupsHelper.collectMethodsByGroup() took 0 ms.
13:26:37.846 [main] INFO  org.testng.internal.Utils - [Utils] MethodGroupsHelper.sortMethods() took 0 ms.
13:26:37.874 [main] INFO  org.testng.internal.Utils - [TestNG] Running:
  C:\Users\neosa\AppData\Local\Temp\testng-eclipse-472935120\testng-customsuite.xml

13:26:37.927 [main] INFO  org.testng.internal.Utils - [Utils] DynamicGraphHelper.createDynamicGraph() took 14 ms.
13:26:50.393 [main] INFO  testCases.TC001_AccountRegistrationTest - ****Starting TC001_AccountRegistrationTest ****
13:26:51.192 [main] INFO  testCases.TC001_AccountRegistrationTest - Clicked on MyAccount Link
13:26:52.547 [main] INFO  testCases.TC001_AccountRegistrationTest - Clicked on Register Link
13:26:52.556 [main] INFO  testCases.TC001_AccountRegistrationTest - Providing Login Info
13:26:56.857 [main] INFO  testCases.TC001_AccountRegistrationTest - Validating expected message
13:26:58.712 [main] INFO  org.testng.internal.Utils - [TestNG] Time taken by org.testng.reporters.jq.Main@87b5b49: 612 ms
13:26:58.837 [main] INFO  org.testng.internal.Utils - [TestNG] Time taken by org.testng.reporters.FailedReporter@3bbf9027: 124 ms
13:26:58.912 [main] INFO  org.testng.internal.Utils - [TestNG] Time taken by org.testng.reporters.XMLReporter@f446158: 66 ms
13:26:58.957 [main] INFO  org.testng.internal.Utils - [TestNG] Time taken by org.testng.reporters.EmailableReporter2@7063686f: 44 ms
13:26:58.984 [main] INFO  org.testng.internal.Utils - [TestNG] Time taken by org.testng.reporters.JUnitReportReporter@71cb3139: 27 ms
13:26:58.986 [main] INFO  org.testng.internal.Utils - [TestNG] Time taken by org.testng.internal.ExitCodeListener@1639f93a: 1 ms
13:45:29.947 [main] DEBUG org.testng.TestNG - suiteXmlPath: "C:\Users\neosa\AppData\Local\Temp\testng-eclipse-128822940\testng-customsuite.xml"
13:45:31.078 [main] INFO  org.testng.internal.Utils - [Utils] MethodGroupsHelper.collectMethodsByGroup() took 2 ms.
13:45:31.090 [main] INFO  org.testng.internal.Utils - [Utils] MethodGroupsHelper.sortMethods() took 8 ms.
13:45:31.095 [main] INFO  org.testng.internal.Utils - [Utils] MethodGroupsHelper.collectMethodsByGroup() took 0 ms.
13:45:31.096 [main] INFO  org.testng.internal.Utils - [Utils] MethodGroupsHelper.sortMethods() took 0 ms.
13:45:31.097 [main] INFO  org.testng.internal.Utils - [Utils] MethodGroupsHelper.collectMethodsByGroup() took 0 ms.
13:45:31.098 [main] INFO  org.testng.internal.Utils - [Utils] MethodGroupsHelper.sortMethods() took 0 ms.
13:45:31.099 [main] INFO  org.testng.internal.Utils - [Utils] MethodGroupsHelper.collectMethodsByGroup() took 0 ms.
13:45:31.099 [main] INFO  org.testng.internal.Utils - [Utils] MethodGroupsHelper.sortMethods() took 0 ms.
13:45:31.114 [main] INFO  org.testng.internal.Utils - [Utils] MethodGroupsHelper.collectMethodsByGroup() took 10 ms.
13:45:31.163 [main] INFO  org.testng.internal.Utils - [Utils] MethodGroupsHelper.sortMethods() took 49 ms.
13:45:31.167 [main] INFO  org.testng.internal.Utils - [Utils] MethodGroupsHelper.collectMethodsByGroup() took 0 ms.
13:45:31.168 [main] INFO  org.testng.internal.Utils - [Utils] MethodGroupsHelper.sortMethods() took 0 ms.
13:45:31.170 [main] INFO  org.testng.internal.Utils - [Utils] MethodGroupsHelper.collectMethodsByGroup() took 0 ms.
13:45:31.171 [main] INFO  org.testng.internal.Utils - [Utils] MethodGroupsHelper.sortMethods() took 0 ms.
13:45:31.174 [main] INFO  org.testng.internal.Utils - [Utils] MethodGroupsHelper.collectMethodsByGroup() took 0 ms.
13:45:31.176 [main] INFO  org.testng.internal.Utils - [Utils] MethodGroupsHelper.sortMethods() took 0 ms.
13:45:31.183 [main] INFO  org.testng.internal.Utils - [Utils] MethodGroupsHelper.collectMethodsByGroup() took 0 ms.
13:45:31.184 [main] INFO  org.testng.internal.Utils - [Utils] MethodGroupsHelper.sortMethods() took 0 ms.
13:45:31.186 [main] INFO  org.testng.internal.Utils - [Utils] MethodGroupsHelper.collectMethodsByGroup() took 0 ms.
13:45:31.188 [main] INFO  org.testng.internal.Utils - [Utils] MethodGroupsHelper.sortMethods() took 0 ms.
13:45:31.212 [main] INFO  org.testng.internal.Utils - [Utils] MethodGroupsHelper.collectMethodsByGroup() took 0 ms.
13:45:31.212 [main] INFO  org.testng.internal.Utils - [Utils] MethodGroupsHelper.sortMethods() took 0 ms.
13:45:31.213 [main] INFO  org.testng.internal.Utils - [Utils] MethodGroupsHelper.collectMethodsByGroup() took 0 ms.
13:45:31.214 [main] INFO  org.testng.internal.Utils - [Utils] MethodGroupsHelper.sortMethods() took 0 ms.
13:45:31.226 [main] INFO  org.testng.internal.Utils - [Utils] MethodGroupsHelper.collectMethodsByGroup() took 2 ms.
13:45:31.227 [main] INFO  org.testng.internal.Utils - [Utils] MethodGroupsHelper.sortMethods() took 0 ms.
13:45:31.231 [main] INFO  org.testng.internal.Utils - [Utils] MethodGroupsHelper.collectMethodsByGroup() took 0 ms.
13:45:31.231 [main] INFO  org.testng.internal.Utils - [Utils] MethodGroupsHelper.sortMethods() took 0 ms.
13:45:31.231 [main] INFO  org.testng.internal.Utils - [Utils] MethodGroupsHelper.collectMethodsByGroup() took 0 ms.
13:45:31.231 [main] INFO  org.testng.internal.Utils - [Utils] MethodGroupsHelper.sortMethods() took 0 ms.
13:45:31.266 [main] INFO  org.testng.internal.Utils - [TestNG] Running:
  C:\Users\neosa\AppData\Local\Temp\testng-eclipse-128822940\testng-customsuite.xml

13:45:31.465 [main] INFO  org.testng.internal.Utils - [Utils] DynamicGraphHelper.createDynamicGraph() took 36 ms.
13:45:51.235 [main] INFO  testCases.TC001_AccountRegistrationTest - ****Starting TC001_AccountRegistrationTest ****
13:45:52.528 [main] INFO  testCases.TC001_AccountRegistrationTest - Clicked on MyAccount Link
13:45:55.913 [main] INFO  testCases.TC001_AccountRegistrationTest - Clicked on Register Link
13:45:55.918 [main] INFO  testCases.TC001_AccountRegistrationTest - Providing Login Info
13:46:01.126 [main] INFO  testCases.TC001_AccountRegistrationTest - Validating expected message
13:46:01.357 [main] INFO  testCases.TC001_AccountRegistrationTest - ****Starting TC001_AccountRegistrationTest ****
13:46:03.127 [main] INFO  org.testng.internal.Utils - [TestNG] Time taken by org.testng.reporters.jq.Main@3b46dd8: 534 ms
13:46:03.128 [main] INFO  org.testng.internal.Utils - [TestNG] Time taken by org.testng.reporters.FailedReporter@39651a82: 1 ms
13:46:03.224 [main] INFO  org.testng.internal.Utils - [TestNG] Time taken by org.testng.reporters.XMLReporter@455824ad: 95 ms
13:46:03.256 [main] INFO  org.testng.internal.Utils - [TestNG] Time taken by org.testng.reporters.EmailableReporter2@23f72d88: 32 ms
13:46:03.277 [main] INFO  org.testng.internal.Utils - [TestNG] Time taken by org.testng.reporters.JUnitReportReporter@288cdaab: 21 ms
13:46:03.278 [main] INFO  org.testng.internal.Utils - [TestNG] Time taken by org.testng.internal.ExitCodeListener@23b3aa8c: 1 ms
13:46:33.017 [main] DEBUG org.testng.TestNG - suiteXmlPath: "C:\Users\neosa\AppData\Local\Temp\testng-eclipse--544964329\testng-customsuite.xml"
13:46:34.474 [main] INFO  org.testng.internal.Utils - [Utils] MethodGroupsHelper.collectMethodsByGroup() took 1 ms.
13:46:34.491 [main] INFO  org.testng.internal.Utils - [Utils] MethodGroupsHelper.sortMethods() took 5 ms.
13:46:34.501 [main] INFO  org.testng.internal.Utils - [Utils] MethodGroupsHelper.collectMethodsByGroup() took 0 ms.
13:46:34.501 [main] INFO  org.testng.internal.Utils - [Utils] MethodGroupsHelper.sortMethods() took 0 ms.
13:46:34.503 [main] INFO  org.testng.internal.Utils - [Utils] MethodGroupsHelper.collectMethodsByGroup() took 0 ms.
13:46:34.504 [main] INFO  org.testng.internal.Utils - [Utils] MethodGroupsHelper.sortMethods() took 0 ms.
13:46:34.505 [main] INFO  org.testng.internal.Utils - [Utils] MethodGroupsHelper.collectMethodsByGroup() took 0 ms.
13:46:34.506 [main] INFO  org.testng.internal.Utils - [Utils] MethodGroupsHelper.sortMethods() took 0 ms.
13:46:34.539 [main] INFO  org.testng.internal.Utils - [Utils] MethodGroupsHelper.collectMethodsByGroup() took 17 ms.
13:46:34.599 [main] INFO  org.testng.internal.Utils - [Utils] MethodGroupsHelper.sortMethods() took 60 ms.
13:46:34.604 [main] INFO  org.testng.internal.Utils - [Utils] MethodGroupsHelper.collectMethodsByGroup() took 0 ms.
13:46:34.605 [main] INFO  org.testng.internal.Utils - [Utils] MethodGroupsHelper.sortMethods() took 0 ms.
13:46:34.607 [main] INFO  org.testng.internal.Utils - [Utils] MethodGroupsHelper.collectMethodsByGroup() took 0 ms.
13:46:34.607 [main] INFO  org.testng.internal.Utils - [Utils] MethodGroupsHelper.sortMethods() took 0 ms.
13:46:34.608 [main] INFO  org.testng.internal.Utils - [Utils] MethodGroupsHelper.collectMethodsByGroup() took 0 ms.
13:46:34.609 [main] INFO  org.testng.internal.Utils - [Utils] MethodGroupsHelper.sortMethods() took 0 ms.
13:46:34.619 [main] INFO  org.testng.internal.Utils - [Utils] MethodGroupsHelper.collectMethodsByGroup() took 0 ms.
13:46:34.619 [main] INFO  org.testng.internal.Utils - [Utils] MethodGroupsHelper.sortMethods() took 0 ms.
13:46:34.621 [main] INFO  org.testng.internal.Utils - [Utils] MethodGroupsHelper.collectMethodsByGroup() took 0 ms.
13:46:34.622 [main] INFO  org.testng.internal.Utils - [Utils] MethodGroupsHelper.sortMethods() took 0 ms.
13:46:34.636 [main] INFO  org.testng.internal.Utils - [Utils] MethodGroupsHelper.collectMethodsByGroup() took 0 ms.
13:46:34.636 [main] INFO  org.testng.internal.Utils - [Utils] MethodGroupsHelper.sortMethods() took 0 ms.
13:46:34.637 [main] INFO  org.testng.internal.Utils - [Utils] MethodGroupsHelper.collectMethodsByGroup() took 0 ms.
13:46:34.637 [main] INFO  org.testng.internal.Utils - [Utils] MethodGroupsHelper.sortMethods() took 0 ms.
13:46:34.640 [main] INFO  org.testng.internal.Utils - [Utils] MethodGroupsHelper.collectMethodsByGroup() took 0 ms.
13:46:34.641 [main] INFO  org.testng.internal.Utils - [Utils] MethodGroupsHelper.sortMethods() took 0 ms.
13:46:34.658 [main] INFO  org.testng.internal.Utils - [Utils] MethodGroupsHelper.collectMethodsByGroup() took 0 ms.
13:46:34.660 [main] INFO  org.testng.internal.Utils - [Utils] MethodGroupsHelper.sortMethods() took 0 ms.
13:46:34.660 [main] INFO  org.testng.internal.Utils - [Utils] MethodGroupsHelper.collectMethodsByGroup() took 0 ms.
13:46:34.661 [main] INFO  org.testng.internal.Utils - [Utils] MethodGroupsHelper.sortMethods() took 0 ms.
13:46:34.703 [main] INFO  org.testng.internal.Utils - [TestNG] Running:
  C:\Users\neosa\AppData\Local\Temp\testng-eclipse--544964329\testng-customsuite.xml

13:46:34.898 [main] INFO  org.testng.internal.Utils - [Utils] DynamicGraphHelper.createDynamicGraph() took 42 ms.
13:46:50.227 [main] INFO  org.testng.internal.Utils - [TestNG] Time taken by org.testng.reporters.jq.Main@34a0ef00: 629 ms
13:46:50.293 [main] INFO  org.testng.internal.Utils - [TestNG] Time taken by org.testng.reporters.FailedReporter@486bc9a4: 66 ms
13:46:50.344 [main] INFO  org.testng.internal.Utils - [TestNG] Time taken by org.testng.reporters.XMLReporter@5b4d25e7: 50 ms
13:46:50.378 [main] INFO  org.testng.internal.Utils - [TestNG] Time taken by org.testng.reporters.EmailableReporter2@3162743f: 34 ms
13:46:50.405 [main] INFO  org.testng.internal.Utils - [TestNG] Time taken by org.testng.reporters.JUnitReportReporter@1b29d52b: 27 ms
13:46:50.406 [main] INFO  org.testng.internal.Utils - [TestNG] Time taken by org.testng.internal.ExitCodeListener@47547132: 1 ms
14:24:54.095 [main] DEBUG org.testng.TestNG - suiteXmlPath: "C:\Users\neosa\OneDrive\Desktop\Selenium\Seleniumwebdriver\OpencartV121\master.xml"
14:24:55.457 [main] INFO  org.testng.internal.Utils - [TestNG] Running:
  C:\Users\neosa\OneDrive\Desktop\Selenium\Seleniumwebdriver\OpencartV121\master.xml

14:25:15.882 [main] INFO  testCases.TC001_AccountRegistrationTest - ****Starting TC001_AccountRegistrationTest ****
14:25:16.933 [main] INFO  testCases.TC001_AccountRegistrationTest - Clicked on MyAccount Link
14:25:19.304 [main] INFO  testCases.TC001_AccountRegistrationTest - Clicked on Register Link
14:25:19.309 [main] INFO  testCases.TC001_AccountRegistrationTest - Providing Login Info
14:25:23.206 [main] INFO  testCases.TC001_AccountRegistrationTest - Validating expected message
14:25:23.412 [main] INFO  testCases.TC001_AccountRegistrationTest - ****Starting TC001_AccountRegistrationTest ****
14:25:53.209 [main] DEBUG org.testng.TestNG - suiteXmlPath: "C:\Users\neosa\OneDrive\Desktop\Selenium\Seleniumwebdriver\OpencartV121\master.xml"
14:25:55.045 [main] INFO  org.testng.internal.Utils - [TestNG] Running:
  C:\Users\neosa\OneDrive\Desktop\Selenium\Seleniumwebdriver\OpencartV121\master.xml

14:26:21.293 [main] INFO  testCases.TC001_AccountRegistrationTest - ****Starting TC001_AccountRegistrationTest ****
14:26:22.922 [main] INFO  testCases.TC001_AccountRegistrationTest - Clicked on MyAccount Link
14:26:26.647 [main] INFO  testCases.TC001_AccountRegistrationTest - Clicked on Register Link
14:26:26.664 [main] INFO  testCases.TC001_AccountRegistrationTest - Providing Login Info
14:26:30.748 [main] INFO  testCases.TC001_AccountRegistrationTest - Validating expected message
14:26:30.929 [main] INFO  testCases.TC001_AccountRegistrationTest - ****Starting TC001_AccountRegistrationTest ****
14:35:43.322 [main] DEBUG org.testng.TestNG - suiteXmlPath: "C:\Users\neosa\OneDrive\Desktop\Selenium\Seleniumwebdriver\OpencartV121\crossbrowsertesting.xml"
14:35:44.599 [main] INFO  org.testng.internal.Utils - [TestNG] Running:
  C:\Users\neosa\OneDrive\Desktop\Selenium\Seleniumwebdriver\OpencartV121\crossbrowsertesting.xml

14:35:58.440 [main] INFO  testCases.TC001_AccountRegistrationTest - ****Starting TC001_AccountRegistrationTest ****
14:35:59.248 [main] INFO  testCases.TC001_AccountRegistrationTest - Clicked on MyAccount Link
14:36:00.568 [main] INFO  testCases.TC001_AccountRegistrationTest - Clicked on Register Link
14:36:00.576 [main] INFO  testCases.TC001_AccountRegistrationTest - Providing Login Info
14:36:03.327 [main] INFO  testCases.TC001_AccountRegistrationTest - Validating expected message
14:36:03.440 [main] INFO  testCases.TC001_AccountRegistrationTest - ****Starting TC001_AccountRegistrationTest ****
14:36:19.761 [main] INFO  testCases.TC001_AccountRegistrationTest - ****Starting TC001_AccountRegistrationTest ****
14:36:20.990 [main] INFO  testCases.TC001_AccountRegistrationTest - Clicked on MyAccount Link
14:36:23.044 [main] INFO  testCases.TC001_AccountRegistrationTest - Clicked on Register Link
14:36:23.048 [main] INFO  testCases.TC001_AccountRegistrationTest - Providing Login Info
14:36:26.989 [main] INFO  testCases.TC001_AccountRegistrationTest - Validating expected message
14:36:27.093 [main] INFO  testCases.TC001_AccountRegistrationTest - ****Starting TC001_AccountRegistrationTest ****
14:37:30.638 [main] DEBUG org.testng.TestNG - suiteXmlPath: "C:\Users\neosa\OneDrive\Desktop\Selenium\Seleniumwebdriver\OpencartV121\crossbrowsertesting.xml"
14:37:31.507 [main] INFO  org.testng.internal.Utils - [TestNG] Running:
  C:\Users\neosa\OneDrive\Desktop\Selenium\Seleniumwebdriver\OpencartV121\crossbrowsertesting.xml

14:37:47.851 [TestNG-tests-2] INFO  testCases.TC001_AccountRegistrationTest - ****Starting TC001_AccountRegistrationTest ****
14:37:48.313 [TestNG-tests-2] INFO  testCases.TC001_AccountRegistrationTest - Clicked on MyAccount Link
14:37:50.007 [TestNG-tests-2] INFO  testCases.TC001_AccountRegistrationTest - Clicked on Register Link
14:37:50.015 [TestNG-tests-2] INFO  testCases.TC001_AccountRegistrationTest - Providing Login Info
14:37:51.799 [TestNG-tests-1] INFO  testCases.TC001_AccountRegistrationTest - ****Starting TC001_AccountRegistrationTest ****
14:37:52.634 [TestNG-tests-1] INFO  testCases.TC001_AccountRegistrationTest - Clicked on MyAccount Link
14:37:55.344 [TestNG-tests-1] INFO  testCases.TC001_AccountRegistrationTest - Clicked on Register Link
14:37:55.348 [TestNG-tests-1] INFO  testCases.TC001_AccountRegistrationTest - Providing Login Info
14:37:55.366 [TestNG-tests-2] INFO  testCases.TC001_AccountRegistrationTest - Validating expected message
14:37:55.931 [TestNG-tests-2] INFO  testCases.TC001_AccountRegistrationTest - ****Starting TC001_AccountRegistrationTest ****
14:37:59.944 [TestNG-tests-1] INFO  testCases.TC001_AccountRegistrationTest - Validating expected message
14:38:01.121 [TestNG-tests-1] INFO  testCases.TC001_AccountRegistrationTest - ****Starting TC001_AccountRegistrationTest ****
14:56:36.413 [main] DEBUG org.testng.TestNG - suiteXmlPath: "C:\Users\neosa\OneDrive\Desktop\Selenium\Seleniumwebdriver\OpencartV121\master.xml"
14:56:38.902 [main] INFO  org.testng.internal.Utils - [TestNG] Running:
  C:\Users\neosa\OneDrive\Desktop\Selenium\Seleniumwebdriver\OpencartV121\master.xml

14:56:55.158 [main] INFO  testCases.TC001_AccountRegistrationTest - ****Starting TC001_AccountRegistrationTest ****
14:56:57.192 [main] INFO  testCases.TC001_AccountRegistrationTest - Clicked on MyAccount Link
14:56:59.814 [main] INFO  testCases.TC001_AccountRegistrationTest - Clicked on Register Link
14:56:59.819 [main] INFO  testCases.TC001_AccountRegistrationTest - Providing Login Info
14:57:03.612 [main] INFO  testCases.TC001_AccountRegistrationTest - Validating expected message
14:57:03.804 [main] INFO  testCases.TC001_AccountRegistrationTest - ****Starting TC001_AccountRegistrationTest ****
15:59:36.142 [main] DEBUG org.testng.TestNG - suiteXmlPath: "C:\Users\neosa\OneDrive\Desktop\Selenium\Seleniumwebdriver\OpencartV121\master.xml"
15:59:37.549 [main] INFO  org.testng.internal.Utils - [TestNG] Running:
  C:\Users\neosa\OneDrive\Desktop\Selenium\Seleniumwebdriver\OpencartV121\master.xml

16:00:02.404 [main] INFO  testCases.TC002_LoginTest - *****Starting TC002_LoginTest*****
16:00:17.815 [main] INFO  testCases.TC002_LoginTest - *****Finish TC002_LoginTest*****
11:45:55.309 [main] DEBUG org.testng.TestNG - suiteXmlPath: "C:\Users\neosa\OneDrive\Desktop\Selenium\Seleniumwebdriver\OpencartV121\master.xml"
11:45:57.214 [main] INFO  org.testng.internal.Utils - [TestNG] Running:
  C:\Users\neosa\OneDrive\Desktop\Selenium\Seleniumwebdriver\OpencartV121\master.xml

11:46:44.969 [main] DEBUG org.apache.poi.openxml4j.opc.PackageRelationshipCollection - Parsing relationship: /xl/_rels/workbook.xml.rels
11:46:44.974 [main] DEBUG org.apache.poi.openxml4j.opc.PackageRelationshipCollection - Parsing relationship: /xl/worksheets/_rels/sheet1.xml.rels
11:46:44.978 [main] DEBUG org.apache.poi.openxml4j.opc.PackageRelationshipCollection - Parsing relationship: /_rels/.rels
11:46:47.040 [main] DEBUG org.apache.poi.ooxml.POIXMLFactory - using default POIXMLDocumentPart for http://schemas.openxmlformats.org/officeDocument/2006/relationships/printerSettings
11:46:47.894 [main] DEBUG org.apache.poi.openxml4j.opc.PackageRelationshipCollection - Parsing relationship: /xl/_rels/workbook.xml.rels
11:46:47.897 [main] DEBUG org.apache.poi.openxml4j.opc.PackageRelationshipCollection - Parsing relationship: /xl/worksheets/_rels/sheet1.xml.rels
11:46:47.900 [main] DEBUG org.apache.poi.openxml4j.opc.PackageRelationshipCollection - Parsing relationship: /_rels/.rels
11:46:47.932 [main] DEBUG org.apache.poi.ooxml.POIXMLFactory - using default POIXMLDocumentPart for http://schemas.openxmlformats.org/officeDocument/2006/relationships/printerSettings
11:46:47.973 [main] DEBUG org.apache.poi.openxml4j.opc.PackageRelationshipCollection - Parsing relationship: /xl/_rels/workbook.xml.rels
11:46:47.983 [main] DEBUG org.apache.poi.openxml4j.opc.PackageRelationshipCollection - Parsing relationship: /xl/worksheets/_rels/sheet1.xml.rels
11:46:47.992 [main] DEBUG org.apache.poi.openxml4j.opc.PackageRelationshipCollection - Parsing relationship: /_rels/.rels
11:46:48.025 [main] DEBUG org.apache.poi.ooxml.POIXMLFactory - using default POIXMLDocumentPart for http://schemas.openxmlformats.org/officeDocument/2006/relationships/printerSettings
11:46:48.104 [main] DEBUG org.apache.poi.openxml4j.opc.PackageRelationshipCollection - Parsing relationship: /xl/_rels/workbook.xml.rels
11:46:48.107 [main] DEBUG org.apache.poi.openxml4j.opc.PackageRelationshipCollection - Parsing relationship: /xl/worksheets/_rels/sheet1.xml.rels
11:46:48.110 [main] DEBUG org.apache.poi.openxml4j.opc.PackageRelationshipCollection - Parsing relationship: /_rels/.rels
11:46:48.140 [main] DEBUG org.apache.poi.ooxml.POIXMLFactory - using default POIXMLDocumentPart for http://schemas.openxmlformats.org/officeDocument/2006/relationships/printerSettings
11:46:48.188 [main] DEBUG org.apache.poi.openxml4j.opc.PackageRelationshipCollection - Parsing relationship: /xl/_rels/workbook.xml.rels
11:46:48.191 [main] DEBUG org.apache.poi.openxml4j.opc.PackageRelationshipCollection - Parsing relationship: /xl/worksheets/_rels/sheet1.xml.rels
11:46:48.193 [main] DEBUG org.apache.poi.openxml4j.opc.PackageRelationshipCollection - Parsing relationship: /_rels/.rels
11:46:48.216 [main] DEBUG org.apache.poi.ooxml.POIXMLFactory - using default POIXMLDocumentPart for http://schemas.openxmlformats.org/officeDocument/2006/relationships/printerSettings
11:46:48.250 [main] DEBUG org.apache.poi.openxml4j.opc.PackageRelationshipCollection - Parsing relationship: /xl/_rels/workbook.xml.rels
11:46:48.253 [main] DEBUG org.apache.poi.openxml4j.opc.PackageRelationshipCollection - Parsing relationship: /xl/worksheets/_rels/sheet1.xml.rels
11:46:48.255 [main] DEBUG org.apache.poi.openxml4j.opc.PackageRelationshipCollection - Parsing relationship: /_rels/.rels
11:46:48.280 [main] DEBUG org.apache.poi.ooxml.POIXMLFactory - using default POIXMLDocumentPart for http://schemas.openxmlformats.org/officeDocument/2006/relationships/printerSettings
11:46:48.309 [main] DEBUG org.apache.poi.openxml4j.opc.PackageRelationshipCollection - Parsing relationship: /xl/_rels/workbook.xml.rels
11:46:48.311 [main] DEBUG org.apache.poi.openxml4j.opc.PackageRelationshipCollection - Parsing relationship: /xl/worksheets/_rels/sheet1.xml.rels
11:46:48.313 [main] DEBUG org.apache.poi.openxml4j.opc.PackageRelationshipCollection - Parsing relationship: /_rels/.rels
11:46:48.337 [main] DEBUG org.apache.poi.ooxml.POIXMLFactory - using default POIXMLDocumentPart for http://schemas.openxmlformats.org/officeDocument/2006/relationships/printerSettings
11:46:48.365 [main] DEBUG org.apache.poi.openxml4j.opc.PackageRelationshipCollection - Parsing relationship: /xl/_rels/workbook.xml.rels
11:46:48.367 [main] DEBUG org.apache.poi.openxml4j.opc.PackageRelationshipCollection - Parsing relationship: /xl/worksheets/_rels/sheet1.xml.rels
11:46:48.369 [main] DEBUG org.apache.poi.openxml4j.opc.PackageRelationshipCollection - Parsing relationship: /_rels/.rels
11:46:48.388 [main] DEBUG org.apache.poi.ooxml.POIXMLFactory - using default POIXMLDocumentPart for http://schemas.openxmlformats.org/officeDocument/2006/relationships/printerSettings
11:46:48.419 [main] DEBUG org.apache.poi.openxml4j.opc.PackageRelationshipCollection - Parsing relationship: /xl/_rels/workbook.xml.rels
11:46:48.422 [main] DEBUG org.apache.poi.openxml4j.opc.PackageRelationshipCollection - Parsing relationship: /xl/worksheets/_rels/sheet1.xml.rels
11:46:48.423 [main] DEBUG org.apache.poi.openxml4j.opc.PackageRelationshipCollection - Parsing relationship: /_rels/.rels
11:46:48.444 [main] DEBUG org.apache.poi.ooxml.POIXMLFactory - using default POIXMLDocumentPart for http://schemas.openxmlformats.org/officeDocument/2006/relationships/printerSettings
11:46:48.473 [main] DEBUG org.apache.poi.openxml4j.opc.PackageRelationshipCollection - Parsing relationship: /xl/_rels/workbook.xml.rels
11:46:48.476 [main] DEBUG org.apache.poi.openxml4j.opc.PackageRelationshipCollection - Parsing relationship: /xl/worksheets/_rels/sheet1.xml.rels
11:46:48.477 [main] DEBUG org.apache.poi.openxml4j.opc.PackageRelationshipCollection - Parsing relationship: /_rels/.rels
11:46:48.511 [main] DEBUG org.apache.poi.ooxml.POIXMLFactory - using default POIXMLDocumentPart for http://schemas.openxmlformats.org/officeDocument/2006/relationships/printerSettings
11:46:48.566 [main] DEBUG org.apache.poi.openxml4j.opc.PackageRelationshipCollection - Parsing relationship: /xl/_rels/workbook.xml.rels
11:46:48.569 [main] DEBUG org.apache.poi.openxml4j.opc.PackageRelationshipCollection - Parsing relationship: /xl/worksheets/_rels/sheet1.xml.rels
11:46:48.572 [main] DEBUG org.apache.poi.openxml4j.opc.PackageRelationshipCollection - Parsing relationship: /_rels/.rels
11:46:48.605 [main] DEBUG org.apache.poi.ooxml.POIXMLFactory - using default POIXMLDocumentPart for http://schemas.openxmlformats.org/officeDocument/2006/relationships/printerSettings
11:46:48.629 [main] DEBUG org.apache.poi.openxml4j.opc.PackageRelationshipCollection - Parsing relationship: /xl/_rels/workbook.xml.rels
11:46:48.630 [main] DEBUG org.apache.poi.openxml4j.opc.PackageRelationshipCollection - Parsing relationship: /xl/worksheets/_rels/sheet1.xml.rels
11:46:48.633 [main] DEBUG org.apache.poi.openxml4j.opc.PackageRelationshipCollection - Parsing relationship: /_rels/.rels
11:46:48.661 [main] DEBUG org.apache.poi.ooxml.POIXMLFactory - using default POIXMLDocumentPart for http://schemas.openxmlformats.org/officeDocument/2006/relationships/printerSettings
11:46:48.712 [main] DEBUG org.apache.poi.openxml4j.opc.PackageRelationshipCollection - Parsing relationship: /xl/_rels/workbook.xml.rels
11:46:48.714 [main] DEBUG org.apache.poi.openxml4j.opc.PackageRelationshipCollection - Parsing relationship: /xl/worksheets/_rels/sheet1.xml.rels
11:46:48.716 [main] DEBUG org.apache.poi.openxml4j.opc.PackageRelationshipCollection - Parsing relationship: /_rels/.rels
11:46:48.735 [main] DEBUG org.apache.poi.ooxml.POIXMLFactory - using default POIXMLDocumentPart for http://schemas.openxmlformats.org/officeDocument/2006/relationships/printerSettings
11:46:48.770 [main] DEBUG org.apache.poi.openxml4j.opc.PackageRelationshipCollection - Parsing relationship: /xl/_rels/workbook.xml.rels
11:46:48.772 [main] DEBUG org.apache.poi.openxml4j.opc.PackageRelationshipCollection - Parsing relationship: /xl/worksheets/_rels/sheet1.xml.rels
11:46:48.774 [main] DEBUG org.apache.poi.openxml4j.opc.PackageRelationshipCollection - Parsing relationship: /_rels/.rels
11:46:48.795 [main] DEBUG org.apache.poi.ooxml.POIXMLFactory - using default POIXMLDocumentPart for http://schemas.openxmlformats.org/officeDocument/2006/relationships/printerSettings
11:46:48.830 [main] DEBUG org.apache.poi.openxml4j.opc.PackageRelationshipCollection - Parsing relationship: /xl/_rels/workbook.xml.rels
11:46:48.833 [main] DEBUG org.apache.poi.openxml4j.opc.PackageRelationshipCollection - Parsing relationship: /xl/worksheets/_rels/sheet1.xml.rels
11:46:48.834 [main] DEBUG org.apache.poi.openxml4j.opc.PackageRelationshipCollection - Parsing relationship: /_rels/.rels
11:46:48.901 [main] DEBUG org.apache.poi.ooxml.POIXMLFactory - using default POIXMLDocumentPart for http://schemas.openxmlformats.org/officeDocument/2006/relationships/printerSettings
11:46:48.969 [main] DEBUG org.apache.poi.openxml4j.opc.PackageRelationshipCollection - Parsing relationship: /xl/_rels/workbook.xml.rels
11:46:48.971 [main] DEBUG org.apache.poi.openxml4j.opc.PackageRelationshipCollection - Parsing relationship: /xl/worksheets/_rels/sheet1.xml.rels
11:46:48.973 [main] DEBUG org.apache.poi.openxml4j.opc.PackageRelationshipCollection - Parsing relationship: /_rels/.rels
11:46:49.016 [main] DEBUG org.apache.poi.ooxml.POIXMLFactory - using default POIXMLDocumentPart for http://schemas.openxmlformats.org/officeDocument/2006/relationships/printerSettings
11:46:49.064 [main] DEBUG org.apache.poi.openxml4j.opc.PackageRelationshipCollection - Parsing relationship: /xl/_rels/workbook.xml.rels
11:46:49.065 [main] DEBUG org.apache.poi.openxml4j.opc.PackageRelationshipCollection - Parsing relationship: /xl/worksheets/_rels/sheet1.xml.rels
11:46:49.067 [main] DEBUG org.apache.poi.openxml4j.opc.PackageRelationshipCollection - Parsing relationship: /_rels/.rels
11:46:49.212 [main] DEBUG org.apache.poi.ooxml.POIXMLFactory - using default POIXMLDocumentPart for http://schemas.openxmlformats.org/officeDocument/2006/relationships/printerSettings
11:46:49.383 [main] INFO  testCases.TC003_LoginDDT - *****Starting TC003_LoginDDT*******
11:46:53.777 [main] INFO  testCases.TC003_LoginDDT - *****Finished TC003_LoginDDT*******
11:46:53.809 [main] INFO  testCases.TC003_LoginDDT - *****Starting TC003_LoginDDT*******
11:46:57.533 [main] INFO  testCases.TC003_LoginDDT - *****Starting TC003_LoginDDT*******
11:47:01.714 [main] INFO  testCases.TC003_LoginDDT - *****Starting TC003_LoginDDT*******
11:47:10.828 [main] INFO  testCases.TC003_LoginDDT - *****Finished TC003_LoginDDT*******
11:47:10.838 [main] INFO  testCases.TC003_LoginDDT - *****Starting TC003_LoginDDT*******
11:47:14.687 [main] INFO  testCases.TC003_LoginDDT - *****Finished TC003_LoginDDT*******
12:28:59.818 [main] DEBUG org.testng.TestNG - suiteXmlPath: "C:\Users\neosa\OneDrive\Desktop\Selenium\Seleniumwebdriver\OpencartV121\grouping.xml"
12:29:00.922 [main] INFO  org.testng.internal.Utils - [TestNG] Running:
  C:\Users\neosa\OneDrive\Desktop\Selenium\Seleniumwebdriver\OpencartV121\grouping.xml

12:29:15.241 [main] INFO  testCases.TC001_AccountRegistrationTest - ****Starting TC001_AccountRegistrationTest ****
12:29:15.872 [main] INFO  testCases.TC001_AccountRegistrationTest - Clicked on MyAccount Link
12:29:18.276 [main] INFO  testCases.TC001_AccountRegistrationTest - Clicked on Register Link
12:29:18.279 [main] INFO  testCases.TC001_AccountRegistrationTest - Providing Login Info
12:29:21.923 [main] INFO  testCases.TC001_AccountRegistrationTest - Validating expected message
12:29:22.118 [main] INFO  testCases.TC001_AccountRegistrationTest - ****Starting TC001_AccountRegistrationTest ****
12:29:36.069 [main] INFO  testCases.TC002_LoginTest - *****Starting TC002_LoginTest*****
12:29:40.680 [main] INFO  testCases.TC002_LoginTest - *****Finish TC002_LoginTest*****
11:31:28.582 [main] DEBUG org.testng.TestNG - suiteXmlPath: "C:\Users\neosa\OneDrive\Desktop\Selenium\Seleniumwebdriver\OpencartV121\grouping.xml"
11:31:30.496 [main] INFO  org.testng.internal.Utils - [TestNG] Running:
  C:\Users\neosa\OneDrive\Desktop\Selenium\Seleniumwebdriver\OpencartV121\grouping.xml

11:32:03.690 [main] INFO  testCases.TC001_AccountRegistrationTest - ****Starting TC001_AccountRegistrationTest ****
11:32:04.175 [main] INFO  testCases.TC001_AccountRegistrationTest - Clicked on MyAccount Link
11:32:06.448 [main] INFO  testCases.TC001_AccountRegistrationTest - Clicked on Register Link
11:32:06.452 [main] INFO  testCases.TC001_AccountRegistrationTest - Providing Login Info
11:32:09.462 [main] INFO  testCases.TC001_AccountRegistrationTest - Validating expected message
11:32:09.618 [main] INFO  testCases.TC001_AccountRegistrationTest - ****Starting TC001_AccountRegistrationTest ****
11:32:22.098 [main] INFO  testCases.TC002_LoginTest - *****Starting TC002_LoginTest*****
11:32:25.445 [main] INFO  testCases.TC002_LoginTest - *****Finish TC002_LoginTest*****
11:35:44.108 [main] DEBUG org.testng.TestNG - suiteXmlPath: "C:\Users\neosa\OneDrive\Desktop\Selenium\Seleniumwebdriver\OpencartV121\grouping.xml"
11:35:45.039 [main] INFO  org.testng.internal.Utils - [TestNG] Running:
  C:\Users\neosa\OneDrive\Desktop\Selenium\Seleniumwebdriver\OpencartV121\grouping.xml

11:35:58.245 [main] INFO  testCases.TC001_AccountRegistrationTest - ****Starting TC001_AccountRegistrationTest ****
11:35:59.161 [main] INFO  testCases.TC001_AccountRegistrationTest - Clicked on MyAccount Link
11:36:01.470 [main] INFO  testCases.TC001_AccountRegistrationTest - Clicked on Register Link
11:36:01.478 [main] INFO  testCases.TC001_AccountRegistrationTest - Providing Login Info
11:36:05.838 [main] INFO  testCases.TC001_AccountRegistrationTest - Validating expected message
11:36:05.996 [main] INFO  testCases.TC001_AccountRegistrationTest - ****Starting TC001_AccountRegistrationTest ****
11:36:19.662 [main] INFO  testCases.TC002_LoginTest - *****Starting TC002_LoginTest*****
11:53:41.227 [main] DEBUG org.testng.TestNG - suiteXmlPath: "C:\Users\neosa\OneDrive\Desktop\Selenium\Seleniumwebdriver\OpencartV121\grouping.xml"
11:53:43.645 [main] INFO  org.testng.internal.Utils - [TestNG] Running:
  C:\Users\neosa\OneDrive\Desktop\Selenium\Seleniumwebdriver\OpencartV121\grouping.xml

11:54:05.344 [main] INFO  testCases.TC001_AccountRegistrationTest - ****Starting TC001_AccountRegistrationTest ****
11:54:05.574 [main] INFO  testCases.TC001_AccountRegistrationTest - Clicked on MyAccount Link
11:54:07.834 [main] INFO  testCases.TC001_AccountRegistrationTest - Clicked on Register Link
11:54:07.837 [main] INFO  testCases.TC001_AccountRegistrationTest - Providing Login Info
11:54:10.775 [main] INFO  testCases.TC001_AccountRegistrationTest - Validating expected message
11:54:10.879 [main] INFO  testCases.TC001_AccountRegistrationTest - ****Starting TC001_AccountRegistrationTest ****
11:54:26.940 [main] INFO  testCases.TC002_LoginTest - *****Starting TC002_LoginTest*****
11:55:46.218 [main] DEBUG org.testng.TestNG - suiteXmlPath: "C:\Users\neosa\OneDrive\Desktop\Selenium\Seleniumwebdriver\OpencartV121\master.xml"
11:55:47.076 [main] INFO  org.testng.internal.Utils - [TestNG] Running:
  C:\Users\neosa\OneDrive\Desktop\Selenium\Seleniumwebdriver\OpencartV121\master.xml

11:55:59.681 [main] INFO  testCases.TC001_AccountRegistrationTest - ****Starting TC001_AccountRegistrationTest ****
11:55:59.941 [main] INFO  testCases.TC001_AccountRegistrationTest - Clicked on MyAccount Link
11:56:01.002 [main] INFO  testCases.TC001_AccountRegistrationTest - Clicked on Register Link
11:56:01.005 [main] INFO  testCases.TC001_AccountRegistrationTest - Providing Login Info
11:56:03.933 [main] INFO  testCases.TC001_AccountRegistrationTest - Validating expected message
11:56:04.108 [main] INFO  testCases.TC001_AccountRegistrationTest - ****Starting TC001_AccountRegistrationTest ****
11:56:17.531 [main] INFO  testCases.TC002_LoginTest - *****Starting TC002_LoginTest*****
11:58:27.579 [main] DEBUG org.testng.TestNG - suiteXmlPath: "C:\Users\neosa\OneDrive\Desktop\Selenium\Seleniumwebdriver\OpencartV121\test-output\testng-failed.xml"
11:58:28.457 [main] INFO  org.testng.internal.Utils - [TestNG] Running:
  C:\Users\neosa\OneDrive\Desktop\Selenium\Seleniumwebdriver\OpencartV121\test-output\testng-failed.xml

11:58:44.444 [main] INFO  testCases.TC002_LoginTest - *****Starting TC002_LoginTest*****
11:58:49.304 [main] INFO  testCases.TC002_LoginTest - *****Finish TC002_LoginTest*****
11:27:02.635 [main] DEBUG org.testng.TestNG - suiteXmlPath: "C:\Users\neosa\OneDrive\Desktop\Selenium\Seleniumwebdriver\OpencartV121\master.xml"
11:27:04.485 [main] INFO  org.testng.internal.Utils - [TestNG] Running:
  C:\Users\neosa\OneDrive\Desktop\Selenium\Seleniumwebdriver\OpencartV121\master.xml

11:27:35.477 [main] INFO  testCases.TC001_AccountRegistrationTest - ****Starting TC001_AccountRegistrationTest ****
11:27:36.471 [main] INFO  testCases.TC001_AccountRegistrationTest - Clicked on MyAccount Link
11:27:39.043 [main] INFO  testCases.TC001_AccountRegistrationTest - Clicked on Register Link
11:27:39.067 [main] INFO  testCases.TC001_AccountRegistrationTest - Providing Login Info
11:27:42.797 [main] INFO  testCases.TC001_AccountRegistrationTest - Validating expected message
11:27:42.970 [main] INFO  testCases.TC001_AccountRegistrationTest - ****Starting TC001_AccountRegistrationTest ****
11:27:56.775 [main] INFO  testCases.TC002_LoginTest - *****Starting TC002_LoginTest*****
11:28:00.722 [main] INFO  testCases.TC002_LoginTest - *****Finish TC002_LoginTest*****
11:34:08.289 [main] DEBUG org.testng.TestNG - suiteXmlPath: "C:\Users\neosa\OneDrive\Desktop\Selenium\Seleniumwebdriver\OpencartV121\master.xml"
11:34:12.614 [main] INFO  org.testng.internal.Utils - [TestNG] Running:
  C:\Users\neosa\OneDrive\Desktop\Selenium\Seleniumwebdriver\OpencartV121\master.xml

11:35:12.961 [main] INFO  testCases.TC001_AccountRegistrationTest - ****Starting TC001_AccountRegistrationTest ****
11:35:13.597 [main] INFO  testCases.TC001_AccountRegistrationTest - Clicked on MyAccount Link
11:35:16.595 [main] INFO  testCases.TC001_AccountRegistrationTest - Clicked on Register Link
11:35:16.718 [main] INFO  testCases.TC001_AccountRegistrationTest - Providing Login Info
11:35:21.012 [main] INFO  testCases.TC001_AccountRegistrationTest - Validating expected message
11:35:21.223 [main] INFO  testCases.TC001_AccountRegistrationTest - ****Starting TC001_AccountRegistrationTest ****
11:35:39.553 [main] INFO  testCases.TC002_LoginTest - *****Starting TC002_LoginTest*****
11:35:44.176 [main] INFO  testCases.TC002_LoginTest - *****Finish TC002_LoginTest*****
11:38:00.835 [main] DEBUG org.testng.TestNG - suiteXmlPath: "C:\Users\neosa\OneDrive\Desktop\Selenium\Seleniumwebdriver\OpencartV121\crossbrowsertesting.xml"
11:38:02.719 [main] INFO  org.testng.internal.Utils - [TestNG] Running:
  C:\Users\neosa\OneDrive\Desktop\Selenium\Seleniumwebdriver\OpencartV121\crossbrowsertesting.xml

11:38:24.975 [TestNG-tests-1] INFO  testCases.TC001_AccountRegistrationTest - ****Starting TC001_AccountRegistrationTest ****
11:38:25.553 [TestNG-tests-1] INFO  testCases.TC001_AccountRegistrationTest - Clicked on MyAccount Link
11:38:27.711 [TestNG-tests-1] INFO  testCases.TC001_AccountRegistrationTest - Clicked on Register Link
11:38:27.803 [TestNG-tests-1] INFO  testCases.TC001_AccountRegistrationTest - Providing Login Info
11:38:32.005 [TestNG-tests-1] INFO  testCases.TC001_AccountRegistrationTest - Validating expected message
11:38:32.146 [TestNG-tests-1] INFO  testCases.TC001_AccountRegistrationTest - ****Starting TC001_AccountRegistrationTest ****
08:28:11.599 [main] DEBUG org.testng.TestNG - suiteXmlPath: "C:\Users\neosa\OneDrive\Desktop\Selenium\Seleniumwebdriver\OpencartV121\master.xml"
08:30:21.330 [main] DEBUG org.testng.TestNG - suiteXmlPath: "C:\Users\neosa\OneDrive\Desktop\Selenium\Seleniumwebdriver\OpencartV121\master.xml"
08:42:13.589 [main] DEBUG org.testng.TestNG - suiteXmlPath: "C:\Users\neosa\OneDrive\Desktop\Selenium\Seleniumwebdriver\OpencartV121\master.xml"
08:42:45.452 [main] INFO  testCases.TC001_AccountRegistrationTest - ****Starting TC001_AccountRegistrationTest ****
08:42:45.773 [main] INFO  testCases.TC001_AccountRegistrationTest - Clicked on MyAccount Link
08:42:47.944 [main] INFO  testCases.TC001_AccountRegistrationTest - Clicked on Register Link
08:42:47.949 [main] INFO  testCases.TC001_AccountRegistrationTest - Providing Login Info
08:42:50.971 [main] INFO  testCases.TC001_AccountRegistrationTest - Validating expected message
08:42:51.103 [main] INFO  testCases.TC001_AccountRegistrationTest - ****Starting TC001_AccountRegistrationTest ****
08:43:03.746 [main] INFO  testCases.TC002_LoginTest - *****Starting TC002_LoginTest*****
08:43:07.135 [main] INFO  testCases.TC002_LoginTest - *****Finish TC002_LoginTest*****
09:59:36.174 [main] DEBUG org.testng.TestNG - suiteXmlPath: "C:\Users\neosa\OneDrive\Desktop\Selenium\Seleniumwebdriver\OpencartV121\master.xml"
09:59:52.346 [main] INFO  testCases.TC001_AccountRegistrationTest - ****Starting TC001_AccountRegistrationTest ****
09:59:52.983 [main] INFO  testCases.TC001_AccountRegistrationTest - Clicked on MyAccount Link
09:59:54.187 [main] INFO  testCases.TC001_AccountRegistrationTest - Clicked on Register Link
09:59:54.212 [main] INFO  testCases.TC001_AccountRegistrationTest - Providing Login Info
09:59:57.054 [main] INFO  testCases.TC001_AccountRegistrationTest - Validating expected message
09:59:57.157 [main] INFO  testCases.TC001_AccountRegistrationTest - ****Starting TC001_AccountRegistrationTest ****
10:00:09.124 [main] INFO  testCases.TC002_LoginTest - *****Starting TC002_LoginTest*****
10:00:12.562 [main] INFO  testCases.TC002_LoginTest - *****Finish TC002_LoginTest*****
10:35:53.775 [main] DEBUG org.testng.TestNG - suiteXmlPath: "C:\Users\neosa\OneDrive\Desktop\Selenium\Seleniumwebdriver\OpencartV121\master.xml"
10:36:10.391 [main] INFO  testCases.TC001_AccountRegistrationTest - ****Starting TC001_AccountRegistrationTest ****
10:36:11.262 [main] INFO  testCases.TC001_AccountRegistrationTest - Clicked on MyAccount Link
10:36:12.617 [main] INFO  testCases.TC001_AccountRegistrationTest - Clicked on Register Link
10:36:12.648 [main] INFO  testCases.TC001_AccountRegistrationTest - Providing Login Info
10:36:15.416 [main] INFO  testCases.TC001_AccountRegistrationTest - Validating expected message
10:36:15.526 [main] INFO  testCases.TC001_AccountRegistrationTest - ****Starting TC001_AccountRegistrationTest ****
10:36:37.889 [main] INFO  testCases.TC002_LoginTest - *****Starting TC002_LoginTest*****
10:36:44.460 [main] INFO  testCases.TC002_LoginTest - *****Finish TC002_LoginTest*****
